<?xml version="1.0" encoding="UTF-8"?>
<testng-results ignored="0" total="1" passed="1" failed="0" skipped="0">
  <reporter-output>
  </reporter-output>
  <suite started-at="2023-05-24T16:10:52 IST" name="Default suite" finished-at="2023-05-24T16:11:04 IST" duration-ms="11236">
    <groups>
    </groups>
    <test started-at="2023-05-24T16:10:52 IST" name="Default test" finished-at="2023-05-24T16:11:04 IST" duration-ms="11236">
      <class name="com.klkl.Sandhya">
        <test-method signature="f()[pri:0, instance:com.klkl.Sandhya@581ac8a8]" started-at="2023-05-24T16:10:53 IST" name="f" finished-at="2023-05-24T16:11:04 IST" duration-ms="11172" status="PASS">
          <reporter-output>
          </reporter-output>
        </test-method> <!-- f -->
      </class> <!-- com.klkl.Sandhya -->
    </test> <!-- Default test -->
  </suite> <!-- Default suite -->
</testng-results>
